c:\users\john\documents\visual studio 2015\projects\cryptography\cex++\win\static\debug\cex.pdb
c:\users\john\documents\visual studio 2015\projects\cryptography\cex++\win\static\debug\cex.idb
c:\users\john\documents\visual studio 2015\projects\cryptography\cex++\win\static\debug\prngfromname.obj
c:\users\john\documents\visual studio 2015\projects\cryptography\cex++\win\static\debug\rdp.obj
c:\users\john\documents\visual studio 2015\projects\cryptography\cex++\win\static\debug\rhx.obj
c:\users\john\documents\visual studio 2015\projects\cryptography\cex++\win\static\debug\salsa20.obj
c:\users\john\documents\visual studio 2015\projects\cryptography\cex++\win\static\debug\symmetricsecurekey.obj
c:\users\john\documents\visual studio 2015\projects\cryptography\cex++\win\static\debug\securerandom.obj
c:\users\john\documents\visual studio 2015\projects\cryptography\cex++\win\static\debug\providerfromname.obj
c:\users\john\documents\visual studio 2015\projects\cryptography\cex++\win\static\debug\shx.obj
c:\users\john\documents\visual studio 2015\projects\cryptography\cex++\win\static\debug\streamcipherfromname.obj
c:\users\john\documents\visual studio 2015\projects\cryptography\cex++\win\static\debug\streamreader.obj
c:\users\john\documents\visual studio 2015\projects\cryptography\cex++\win\static\debug\streamwriter.obj
c:\users\john\documents\visual studio 2015\projects\cryptography\cex++\win\static\debug\symmetrickey.obj
c:\users\john\documents\visual studio 2015\projects\cryptography\cex++\win\static\debug\sysutils.obj
c:\users\john\documents\visual studio 2015\projects\cryptography\cex++\win\static\debug\tbc.obj
c:\users\john\documents\visual studio 2015\projects\cryptography\cex++\win\static\debug\thx.obj
c:\users\john\documents\visual studio 2015\projects\cryptography\cex++\win\static\debug\uint128.obj
c:\users\john\documents\visual studio 2015\projects\cryptography\cex++\win\static\debug\uint256.obj
c:\users\john\documents\visual studio 2015\projects\cryptography\cex++\win\static\debug\ulong256.obj
c:\users\john\documents\visual studio 2015\projects\cryptography\cex++\win\static\debug\x923.obj
c:\users\john\documents\visual studio 2015\projects\cryptography\cex++\win\static\debug\zeropad.obj
c:\users\john\documents\visual studio 2015\projects\cryptography\cex++\win\static\debug\ocb.obj
c:\users\john\documents\visual studio 2015\projects\cryptography\cex++\win\static\debug\paralleloptions.obj
c:\users\john\documents\visual studio 2015\projects\cryptography\cex++\win\static\debug\scrypt.obj
c:\users\john\documents\visual studio 2015\projects\cryptography\cex++\win\static\debug\securestream.obj
c:\users\john\documents\visual studio 2015\projects\cryptography\cex++\win\static\debug\sha256.obj
c:\users\john\documents\visual studio 2015\projects\cryptography\cex++\win\static\debug\sha512.obj
c:\users\john\documents\visual studio 2015\projects\cryptography\cex++\win\static\debug\skein1024.obj
c:\users\john\documents\visual studio 2015\projects\cryptography\cex++\win\static\debug\skein256.obj
c:\users\john\documents\visual studio 2015\projects\cryptography\cex++\win\static\debug\skein512.obj
c:\users\john\documents\visual studio 2015\projects\cryptography\cex++\win\static\debug\symmetrickeygenerator.obj
c:\users\john\documents\visual studio 2015\projects\cryptography\cex++\win\static\debug\macdescription.obj
c:\users\john\documents\visual studio 2015\projects\cryptography\cex++\win\static\debug\macfromdescription.obj
c:\users\john\documents\visual studio 2015\projects\cryptography\cex++\win\static\debug\macstream.obj
c:\users\john\documents\visual studio 2015\projects\cryptography\cex++\win\static\debug\memorystream.obj
c:\users\john\documents\visual studio 2015\projects\cryptography\cex++\win\static\debug\ofb.obj
c:\users\john\documents\visual studio 2015\projects\cryptography\cex++\win\static\debug\paddingfromname.obj
c:\users\john\documents\visual studio 2015\projects\cryptography\cex++\win\static\debug\parallelutils.obj
c:\users\john\documents\visual studio 2015\projects\cryptography\cex++\win\static\debug\pbkdf2.obj
c:\users\john\documents\visual studio 2015\projects\cryptography\cex++\win\static\debug\pbr.obj
c:\users\john\documents\visual studio 2015\projects\cryptography\cex++\win\static\debug\pkcs7.obj
c:\users\john\documents\visual studio 2015\projects\cryptography\cex++\win\static\debug\digestfromname.obj
c:\users\john\documents\visual studio 2015\projects\cryptography\cex++\win\static\debug\digeststream.obj
c:\users\john\documents\visual studio 2015\projects\cryptography\cex++\win\static\debug\drbgfromname.obj
c:\users\john\documents\visual studio 2015\projects\cryptography\cex++\win\static\debug\eax.obj
c:\users\john\documents\visual studio 2015\projects\cryptography\cex++\win\static\debug\ecb.obj
c:\users\john\documents\visual studio 2015\projects\cryptography\cex++\win\static\debug\ecp.obj
c:\users\john\documents\visual studio 2015\projects\cryptography\cex++\win\static\debug\filestream.obj
c:\users\john\documents\visual studio 2015\projects\cryptography\cex++\win\static\debug\gcm.obj
c:\users\john\documents\visual studio 2015\projects\cryptography\cex++\win\static\debug\gmac.obj
c:\users\john\documents\visual studio 2015\projects\cryptography\cex++\win\static\debug\hkdf.obj
c:\users\john\documents\visual studio 2015\projects\cryptography\cex++\win\static\debug\hmac.obj
c:\users\john\documents\visual studio 2015\projects\cryptography\cex++\win\static\debug\hmg.obj
c:\users\john\documents\visual studio 2015\projects\cryptography\cex++\win\static\debug\icm.obj
c:\users\john\documents\visual studio 2015\projects\cryptography\cex++\win\static\debug\intutils.obj
c:\users\john\documents\visual studio 2015\projects\cryptography\cex++\win\static\debug\iso7816.obj
c:\users\john\documents\visual studio 2015\projects\cryptography\cex++\win\static\debug\kdf2.obj
c:\users\john\documents\visual studio 2015\projects\cryptography\cex++\win\static\debug\kdffromname.obj
c:\users\john\documents\visual studio 2015\projects\cryptography\cex++\win\static\debug\keccak.obj
c:\users\john\documents\visual studio 2015\projects\cryptography\cex++\win\static\debug\keccak256.obj
c:\users\john\documents\visual studio 2015\projects\cryptography\cex++\win\static\debug\keccak512.obj
c:\users\john\documents\visual studio 2015\projects\cryptography\cex++\win\static\debug\bitconverter.obj
c:\users\john\documents\visual studio 2015\projects\cryptography\cex++\win\static\debug\blake256.obj
c:\users\john\documents\visual studio 2015\projects\cryptography\cex++\win\static\debug\blake512.obj
c:\users\john\documents\visual studio 2015\projects\cryptography\cex++\win\static\debug\blockcipherfromname.obj
c:\users\john\documents\visual studio 2015\projects\cryptography\cex++\win\static\debug\cbc.obj
c:\users\john\documents\visual studio 2015\projects\cryptography\cex++\win\static\debug\cfb.obj
c:\users\john\documents\visual studio 2015\projects\cryptography\cex++\win\static\debug\chacha20.obj
c:\users\john\documents\visual studio 2015\projects\cryptography\cex++\win\static\debug\cipherdescription.obj
c:\users\john\documents\visual studio 2015\projects\cryptography\cex++\win\static\debug\cipherfromdescription.obj
c:\users\john\documents\visual studio 2015\projects\cryptography\cex++\win\static\debug\ciphermodefromname.obj
c:\users\john\documents\visual studio 2015\projects\cryptography\cex++\win\static\debug\cipherstream.obj
c:\users\john\documents\visual studio 2015\projects\cryptography\cex++\win\static\debug\cjp.obj
c:\users\john\documents\visual studio 2015\projects\cryptography\cex++\win\static\debug\cmac.obj
c:\users\john\documents\visual studio 2015\projects\cryptography\cex++\win\static\debug\cmr.obj
c:\users\john\documents\visual studio 2015\projects\cryptography\cex++\win\static\debug\cpudetect.obj
c:\users\john\documents\visual studio 2015\projects\cryptography\cex++\win\static\debug\csp.obj
c:\users\john\documents\visual studio 2015\projects\cryptography\cex++\win\static\debug\ctr.obj
c:\users\john\documents\visual studio 2015\projects\cryptography\cex++\win\static\debug\cmg.obj
c:\users\john\documents\visual studio 2015\projects\cryptography\cex++\win\static\debug\dcg.obj
c:\users\john\documents\visual studio 2015\projects\cryptography\cex++\win\static\debug\dcr.obj
c:\users\john\documents\visual studio 2015\projects\cryptography\cex++\win\static\debug\ahx.obj
c:\users\john\documents\visual studio 2015\projects\cryptography\cex++\win\static\debug\arrayutils.obj
c:\users\john\documents\visual studio 2015\projects\cryptography\cex++\win\debug\cex.lib
c:\users\john\documents\visual studio 2015\projects\cryptography\cex++\win\debug\cex.pdb
c:\users\john\documents\visual studio 2015\projects\cryptography\cex++\win\static\debug\cex.tlog\cl.command.1.tlog
c:\users\john\documents\visual studio 2015\projects\cryptography\cex++\win\static\debug\cex.tlog\cl.read.1.tlog
c:\users\john\documents\visual studio 2015\projects\cryptography\cex++\win\static\debug\cex.tlog\cl.write.1.tlog
c:\users\john\documents\visual studio 2015\projects\cryptography\cex++\win\static\debug\cex.tlog\lib-link.read.1.tlog
c:\users\john\documents\visual studio 2015\projects\cryptography\cex++\win\static\debug\cex.tlog\lib-link.write.1.tlog
c:\users\john\documents\visual studio 2015\projects\cryptography\cex++\win\static\debug\cex.tlog\lib.command.1.tlog
