  ZeroPad.cpp
  X923.cpp
  ULong256.cpp
  UInt256.cpp
  UInt128.cpp
  THX.cpp
  TBC.cpp
  SysUtils.cpp
  SymmetricKey.cpp
  StreamWriter.cpp
  StreamReader.cpp
  StreamCipherFromName.cpp
  SHX.cpp
  ProviderFromName.cpp
  SecureRandom.cpp
  SymmetricSecureKey.cpp
  Salsa20.cpp
  RHX.cpp
  RDP.cpp
  PrngFromName.cpp
  Generating Code...
  Compiling...
  PKCS7.cpp
  PBR.cpp
  PBKDF2.cpp
  ParallelUtils.cpp
  PaddingFromName.cpp
  OFB.cpp
  MemoryStream.cpp
  MacStream.cpp
  MacFromDescription.cpp
  MacDescription.cpp
  SymmetricKeyGenerator.cpp
  Skein512.cpp
  Skein256.cpp
  Skein1024.cpp
  SHA512.cpp
  SHA256.cpp
  SecureStream.cpp
  SCRYPT.cpp
  ParallelOptions.cpp
  OCB.cpp
  Generating Code...
  Compiling...
  Keccak512.cpp
  Keccak256.cpp
  Keccak.cpp
  KdfFromName.cpp
  KDF2.cpp
  ISO7816.cpp
  IntUtils.cpp
  ICM.cpp
  HMG.cpp
  HMAC.cpp
  HKDF.cpp
  GMAC.cpp
  GCM.cpp
  FileStream.cpp
  ECP.cpp
  ECB.cpp
  EAX.cpp
  DrbgFromName.cpp
  DigestStream.cpp
  DigestFromName.cpp
  Generating Code...
  Compiling...
  DCR.cpp
  DCG.cpp
  CMG.cpp
  CTR.cpp
  CSP.cpp
  CpuDetect.cpp
  CMR.cpp
  CMAC.cpp
  CJP.cpp
  CipherStream.cpp
  CipherModeFromName.cpp
  CipherFromDescription.cpp
  CipherDescription.cpp
  ChaCha20.cpp
  CFB.cpp
  CBC.cpp
  BlockCipherFromName.cpp
  Blake512.cpp
  Blake256.cpp
  BitConverter.cpp
  Generating Code...
  Compiling...
  ArrayUtils.cpp
  AHX.cpp
  Generating Code...
  CEXEngine.vcxproj -> C:\Users\John\Documents\GitHub\CEX\Win\Debug\CEX.lib
