c:\users\john\documents\visual studio 2015\projects\cryptography\cex++\win\static\debug\engine.pdb
c:\users\john\documents\visual studio 2015\projects\cryptography\cex++\win\static\debug\engine.idb
c:\users\john\documents\visual studio 2015\projects\cryptography\cex++\win\static\debug\zeropad.xdc
c:\users\john\documents\visual studio 2015\projects\cryptography\cex++\win\static\debug\xsprsg.xdc
c:\users\john\documents\visual studio 2015\projects\cryptography\cex++\win\static\debug\x923.xdc
c:\users\john\documents\visual studio 2015\projects\cryptography\cex++\win\static\debug\vmac.xdc
c:\users\john\documents\visual studio 2015\projects\cryptography\cex++\win\static\debug\thx.xdc
c:\users\john\documents\visual studio 2015\projects\cryptography\cex++\win\static\debug\threefish512.xdc
c:\users\john\documents\visual studio 2015\projects\cryptography\cex++\win\static\debug\threefish256.xdc
c:\users\john\documents\visual studio 2015\projects\cryptography\cex++\win\static\debug\threefish1024.xdc
c:\users\john\documents\visual studio 2015\projects\cryptography\cex++\win\static\debug\tbc.xdc
c:\users\john\documents\visual studio 2015\projects\cryptography\cex++\win\static\debug\streamwriter.xdc
c:\users\john\documents\visual studio 2015\projects\cryptography\cex++\win\static\debug\streamreader.xdc
c:\users\john\documents\visual studio 2015\projects\cryptography\cex++\win\static\debug\streamcipherfromname.xdc
c:\users\john\documents\visual studio 2015\projects\cryptography\cex++\win\static\debug\cipherstream.xdc
c:\users\john\documents\visual studio 2015\projects\cryptography\cex++\win\static\debug\sp20prng.xdc
c:\users\john\documents\visual studio 2015\projects\cryptography\cex++\win\static\debug\sp20drbg.xdc
c:\users\john\documents\visual studio 2015\projects\cryptography\cex++\win\static\debug\skein512.xdc
c:\users\john\documents\visual studio 2015\projects\cryptography\cex++\win\static\debug\skein256.xdc
c:\users\john\documents\visual studio 2015\projects\cryptography\cex++\win\static\debug\skein1024.xdc
c:\users\john\documents\visual studio 2015\projects\cryptography\cex++\win\static\debug\shx.xdc
c:\users\john\documents\visual studio 2015\projects\cryptography\cex++\win\static\debug\sha512.xdc
c:\users\john\documents\visual studio 2015\projects\cryptography\cex++\win\static\debug\sha512.obj
c:\users\john\documents\visual studio 2015\projects\cryptography\cex++\win\static\debug\shx.obj
c:\users\john\documents\visual studio 2015\projects\cryptography\cex++\win\static\debug\skein1024.obj
c:\users\john\documents\visual studio 2015\projects\cryptography\cex++\win\static\debug\skein256.obj
c:\users\john\documents\visual studio 2015\projects\cryptography\cex++\win\static\debug\skein512.obj
c:\users\john\documents\visual studio 2015\projects\cryptography\cex++\win\static\debug\sp20drbg.obj
c:\users\john\documents\visual studio 2015\projects\cryptography\cex++\win\static\debug\sp20prng.obj
c:\users\john\documents\visual studio 2015\projects\cryptography\cex++\win\static\debug\cipherstream.obj
c:\users\john\documents\visual studio 2015\projects\cryptography\cex++\win\static\debug\streamcipherfromname.obj
c:\users\john\documents\visual studio 2015\projects\cryptography\cex++\win\static\debug\streamreader.obj
c:\users\john\documents\visual studio 2015\projects\cryptography\cex++\win\static\debug\streamwriter.obj
c:\users\john\documents\visual studio 2015\projects\cryptography\cex++\win\static\debug\tbc.obj
c:\users\john\documents\visual studio 2015\projects\cryptography\cex++\win\static\debug\threefish1024.obj
c:\users\john\documents\visual studio 2015\projects\cryptography\cex++\win\static\debug\threefish256.obj
c:\users\john\documents\visual studio 2015\projects\cryptography\cex++\win\static\debug\threefish512.obj
c:\users\john\documents\visual studio 2015\projects\cryptography\cex++\win\static\debug\thx.obj
c:\users\john\documents\visual studio 2015\projects\cryptography\cex++\win\static\debug\vmac.obj
c:\users\john\documents\visual studio 2015\projects\cryptography\cex++\win\static\debug\x923.obj
c:\users\john\documents\visual studio 2015\projects\cryptography\cex++\win\static\debug\xsprsg.obj
c:\users\john\documents\visual studio 2015\projects\cryptography\cex++\win\static\debug\zeropad.obj
c:\users\john\documents\visual studio 2015\projects\cryptography\cex++\win\static\debug\sha256.xdc
c:\users\john\documents\visual studio 2015\projects\cryptography\cex++\win\static\debug\seedfromname.xdc
c:\users\john\documents\visual studio 2015\projects\cryptography\cex++\win\static\debug\securerandom.xdc
c:\users\john\documents\visual studio 2015\projects\cryptography\cex++\win\static\debug\salsa20.xdc
c:\users\john\documents\visual studio 2015\projects\cryptography\cex++\win\static\debug\rhx.xdc
c:\users\john\documents\visual studio 2015\projects\cryptography\cex++\win\static\debug\prngfromname.xdc
c:\users\john\documents\visual studio 2015\projects\cryptography\cex++\win\static\debug\ppbprng.xdc
c:\users\john\documents\visual studio 2015\projects\cryptography\cex++\win\static\debug\pkcs7.xdc
c:\users\john\documents\visual studio 2015\projects\cryptography\cex++\win\static\debug\pbkdf2.xdc
c:\users\john\documents\visual studio 2015\projects\cryptography\cex++\win\static\debug\parallelutils.xdc
c:\users\john\documents\visual studio 2015\projects\cryptography\cex++\win\static\debug\paddingfromname.xdc
c:\users\john\documents\visual studio 2015\projects\cryptography\cex++\win\static\debug\ofb.xdc
c:\users\john\documents\visual studio 2015\projects\cryptography\cex++\win\static\debug\memorystream.xdc
c:\users\john\documents\visual studio 2015\projects\cryptography\cex++\win\static\debug\macstream.xdc
c:\users\john\documents\visual studio 2015\projects\cryptography\cex++\win\static\debug\keygenerator.xdc
c:\users\john\documents\visual studio 2015\projects\cryptography\cex++\win\static\debug\keccak512.xdc
c:\users\john\documents\visual studio 2015\projects\cryptography\cex++\win\static\debug\keccak256.xdc
c:\users\john\documents\visual studio 2015\projects\cryptography\cex++\win\static\debug\keccak.xdc
c:\users\john\documents\visual studio 2015\projects\cryptography\cex++\win\static\debug\kdf2drbg.xdc
c:\users\john\documents\visual studio 2015\projects\cryptography\cex++\win\static\debug\kdf2drbg.obj
c:\users\john\documents\visual studio 2015\projects\cryptography\cex++\win\static\debug\keccak.obj
c:\users\john\documents\visual studio 2015\projects\cryptography\cex++\win\static\debug\keccak256.obj
c:\users\john\documents\visual studio 2015\projects\cryptography\cex++\win\static\debug\keccak512.obj
c:\users\john\documents\visual studio 2015\projects\cryptography\cex++\win\static\debug\keygenerator.obj
c:\users\john\documents\visual studio 2015\projects\cryptography\cex++\win\static\debug\macstream.obj
c:\users\john\documents\visual studio 2015\projects\cryptography\cex++\win\static\debug\memorystream.obj
c:\users\john\documents\visual studio 2015\projects\cryptography\cex++\win\static\debug\ofb.obj
c:\users\john\documents\visual studio 2015\projects\cryptography\cex++\win\static\debug\paddingfromname.obj
c:\users\john\documents\visual studio 2015\projects\cryptography\cex++\win\static\debug\parallelutils.obj
c:\users\john\documents\visual studio 2015\projects\cryptography\cex++\win\static\debug\pbkdf2.obj
c:\users\john\documents\visual studio 2015\projects\cryptography\cex++\win\static\debug\pkcs7.obj
c:\users\john\documents\visual studio 2015\projects\cryptography\cex++\win\static\debug\ppbprng.obj
c:\users\john\documents\visual studio 2015\projects\cryptography\cex++\win\static\debug\prngfromname.obj
c:\users\john\documents\visual studio 2015\projects\cryptography\cex++\win\static\debug\rhx.obj
c:\users\john\documents\visual studio 2015\projects\cryptography\cex++\win\static\debug\salsa20.obj
c:\users\john\documents\visual studio 2015\projects\cryptography\cex++\win\static\debug\securerandom.obj
c:\users\john\documents\visual studio 2015\projects\cryptography\cex++\win\static\debug\seedfromname.obj
c:\users\john\documents\visual studio 2015\projects\cryptography\cex++\win\static\debug\sha256.obj
c:\users\john\documents\visual studio 2015\projects\cryptography\cex++\win\static\debug\iso7816.xdc
c:\users\john\documents\visual studio 2015\projects\cryptography\cex++\win\static\debug\iscrsg.xdc
c:\users\john\documents\visual studio 2015\projects\cryptography\cex++\win\static\debug\intutils.xdc
c:\users\john\documents\visual studio 2015\projects\cryptography\cex++\win\static\debug\hmac.xdc
c:\users\john\documents\visual studio 2015\projects\cryptography\cex++\win\static\debug\hkdf.xdc
c:\users\john\documents\visual studio 2015\projects\cryptography\cex++\win\static\debug\filestream.xdc
c:\users\john\documents\visual studio 2015\projects\cryptography\cex++\win\static\debug\ecb.xdc
c:\users\john\documents\visual studio 2015\projects\cryptography\cex++\win\static\debug\digeststream.xdc
c:\users\john\documents\visual studio 2015\projects\cryptography\cex++\win\static\debug\digestfromname.xdc
c:\users\john\documents\visual studio 2015\projects\cryptography\cex++\win\static\debug\dgcprng.xdc
c:\users\john\documents\visual studio 2015\projects\cryptography\cex++\win\static\debug\dgcdrbg.xdc
c:\users\john\documents\visual studio 2015\projects\cryptography\cex++\win\static\debug\ctrprng.xdc
c:\users\john\documents\visual studio 2015\projects\cryptography\cex++\win\static\debug\ctrdrbg.xdc
c:\users\john\documents\visual studio 2015\projects\cryptography\cex++\win\static\debug\ctr.xdc
c:\users\john\documents\visual studio 2015\projects\cryptography\cex++\win\static\debug\csprsg.xdc
c:\users\john\documents\visual studio 2015\projects\cryptography\cex++\win\static\debug\cspprng.xdc
c:\users\john\documents\visual studio 2015\projects\cryptography\cex++\win\static\debug\cmac.xdc
c:\users\john\documents\visual studio 2015\projects\cryptography\cex++\win\static\debug\ciphermodefromname.xdc
c:\users\john\documents\visual studio 2015\projects\cryptography\cex++\win\static\debug\chacha.xdc
c:\users\john\documents\visual studio 2015\projects\cryptography\cex++\win\static\debug\cfb.xdc
c:\users\john\documents\visual studio 2015\projects\cryptography\cex++\win\static\debug\cfb.obj
c:\users\john\documents\visual studio 2015\projects\cryptography\cex++\win\static\debug\chacha.obj
c:\users\john\documents\visual studio 2015\projects\cryptography\cex++\win\static\debug\ciphermodefromname.obj
c:\users\john\documents\visual studio 2015\projects\cryptography\cex++\win\static\debug\cmac.obj
c:\users\john\documents\visual studio 2015\projects\cryptography\cex++\win\static\debug\cspprng.obj
c:\users\john\documents\visual studio 2015\projects\cryptography\cex++\win\static\debug\csprsg.obj
c:\users\john\documents\visual studio 2015\projects\cryptography\cex++\win\static\debug\ctr.obj
c:\users\john\documents\visual studio 2015\projects\cryptography\cex++\win\static\debug\ctrdrbg.obj
c:\users\john\documents\visual studio 2015\projects\cryptography\cex++\win\static\debug\ctrprng.obj
c:\users\john\documents\visual studio 2015\projects\cryptography\cex++\win\static\debug\dgcdrbg.obj
c:\users\john\documents\visual studio 2015\projects\cryptography\cex++\win\static\debug\dgcprng.obj
c:\users\john\documents\visual studio 2015\projects\cryptography\cex++\win\static\debug\digestfromname.obj
c:\users\john\documents\visual studio 2015\projects\cryptography\cex++\win\static\debug\digeststream.obj
c:\users\john\documents\visual studio 2015\projects\cryptography\cex++\win\static\debug\ecb.obj
c:\users\john\documents\visual studio 2015\projects\cryptography\cex++\win\static\debug\filestream.obj
c:\users\john\documents\visual studio 2015\projects\cryptography\cex++\win\static\debug\hkdf.obj
c:\users\john\documents\visual studio 2015\projects\cryptography\cex++\win\static\debug\hmac.obj
c:\users\john\documents\visual studio 2015\projects\cryptography\cex++\win\static\debug\intutils.obj
c:\users\john\documents\visual studio 2015\projects\cryptography\cex++\win\static\debug\iscrsg.obj
c:\users\john\documents\visual studio 2015\projects\cryptography\cex++\win\static\debug\iso7816.obj
c:\users\john\documents\visual studio 2015\projects\cryptography\cex++\win\static\debug\cbc.xdc
c:\users\john\documents\visual studio 2015\projects\cryptography\cex++\win\static\debug\blockcipherfromname.xdc
c:\users\john\documents\visual studio 2015\projects\cryptography\cex++\win\static\debug\blake512.xdc
c:\users\john\documents\visual studio 2015\projects\cryptography\cex++\win\static\debug\blake256.xdc
c:\users\john\documents\visual studio 2015\projects\cryptography\cex++\win\static\debug\blake256.obj
c:\users\john\documents\visual studio 2015\projects\cryptography\cex++\win\static\debug\blake512.obj
c:\users\john\documents\visual studio 2015\projects\cryptography\cex++\win\static\debug\blockcipherfromname.obj
c:\users\john\documents\visual studio 2015\projects\cryptography\cex++\win\static\debug\cbc.obj
c:\users\john\documents\visual studio 2015\projects\cryptography\cex++\win\static\debug\engine.tlog\cl.command.1.tlog
c:\users\john\documents\visual studio 2015\projects\cryptography\cex++\win\static\debug\engine.tlog\cl.read.1.tlog
c:\users\john\documents\visual studio 2015\projects\cryptography\cex++\win\static\debug\engine.tlog\cl.write.1.tlog
