c:\users\john\documents\visual studio 2015\projects\cryptography\cex++\win\static\release\filestream.obj
c:\users\john\documents\visual studio 2015\projects\cryptography\cex++\win\static\release\ecb.obj
c:\users\john\documents\visual studio 2015\projects\cryptography\cex++\win\static\release\digeststream.obj
c:\users\john\documents\visual studio 2015\projects\cryptography\cex++\win\static\release\digestfromname.obj
c:\users\john\documents\visual studio 2015\projects\cryptography\cex++\win\static\release\dgcprng.obj
c:\users\john\documents\visual studio 2015\projects\cryptography\cex++\win\static\release\dgcdrbg.obj
c:\users\john\documents\visual studio 2015\projects\cryptography\cex++\win\static\release\ctrprng.obj
c:\users\john\documents\visual studio 2015\projects\cryptography\cex++\win\static\release\ctrdrbg.obj
c:\users\john\documents\visual studio 2015\projects\cryptography\cex++\win\static\release\ctr.obj
c:\users\john\documents\visual studio 2015\projects\cryptography\cex++\win\static\release\csprsg.obj
c:\users\john\documents\visual studio 2015\projects\cryptography\cex++\win\static\release\cspprng.obj
c:\users\john\documents\visual studio 2015\projects\cryptography\cex++\win\static\release\cmac.obj
c:\users\john\documents\visual studio 2015\projects\cryptography\cex++\win\static\release\ciphermodefromname.obj
c:\users\john\documents\visual studio 2015\projects\cryptography\cex++\win\static\release\cipherfromdescription.obj
c:\users\john\documents\visual studio 2015\projects\cryptography\cex++\win\static\release\chacha.obj
c:\users\john\documents\visual studio 2015\projects\cryptography\cex++\win\static\release\cfb.obj
c:\users\john\documents\visual studio 2015\projects\cryptography\cex++\win\static\release\cbc.obj
c:\users\john\documents\visual studio 2015\projects\cryptography\cex++\win\static\release\blockcipherfromname.obj
c:\users\john\documents\visual studio 2015\projects\cryptography\cex++\win\static\release\blake512.obj
c:\users\john\documents\visual studio 2015\projects\cryptography\cex++\win\static\release\blake256.obj
c:\users\john\documents\visual studio 2015\projects\cryptography\cex++\win\static\release\ppbprng.obj
c:\users\john\documents\visual studio 2015\projects\cryptography\cex++\win\static\release\pkcs7.obj
c:\users\john\documents\visual studio 2015\projects\cryptography\cex++\win\static\release\pbkdf2.obj
c:\users\john\documents\visual studio 2015\projects\cryptography\cex++\win\static\release\parallelutils.obj
c:\users\john\documents\visual studio 2015\projects\cryptography\cex++\win\static\release\paddingfromname.obj
c:\users\john\documents\visual studio 2015\projects\cryptography\cex++\win\static\release\ofb.obj
c:\users\john\documents\visual studio 2015\projects\cryptography\cex++\win\static\release\memorystream.obj
c:\users\john\documents\visual studio 2015\projects\cryptography\cex++\win\static\release\macstream.obj
c:\users\john\documents\visual studio 2015\projects\cryptography\cex++\win\static\release\macfromdescription.obj
c:\users\john\documents\visual studio 2015\projects\cryptography\cex++\win\static\release\keygenerator.obj
c:\users\john\documents\visual studio 2015\projects\cryptography\cex++\win\static\release\keyfactory.obj
c:\users\john\documents\visual studio 2015\projects\cryptography\cex++\win\static\release\keccak512.obj
c:\users\john\documents\visual studio 2015\projects\cryptography\cex++\win\static\release\keccak256.obj
c:\users\john\documents\visual studio 2015\projects\cryptography\cex++\win\static\release\keccak.obj
c:\users\john\documents\visual studio 2015\projects\cryptography\cex++\win\static\release\kdf2drbg.obj
c:\users\john\documents\visual studio 2015\projects\cryptography\cex++\win\static\release\iso7816.obj
c:\users\john\documents\visual studio 2015\projects\cryptography\cex++\win\static\release\iscrsg.obj
c:\users\john\documents\visual studio 2015\projects\cryptography\cex++\win\static\release\intutils.obj
c:\users\john\documents\visual studio 2015\projects\cryptography\cex++\win\static\release\hmac.obj
c:\users\john\documents\visual studio 2015\projects\cryptography\cex++\win\static\release\hkdf.obj
c:\users\john\documents\visual studio 2015\projects\cryptography\cex++\win\static\release\threefish256.obj
c:\users\john\documents\visual studio 2015\projects\cryptography\cex++\win\static\release\threefish1024.obj
c:\users\john\documents\visual studio 2015\projects\cryptography\cex++\win\static\release\tbc.obj
c:\users\john\documents\visual studio 2015\projects\cryptography\cex++\win\static\release\streamwriter.obj
c:\users\john\documents\visual studio 2015\projects\cryptography\cex++\win\static\release\streamreader.obj
c:\users\john\documents\visual studio 2015\projects\cryptography\cex++\win\static\release\streamcipherfromname.obj
c:\users\john\documents\visual studio 2015\projects\cryptography\cex++\win\static\release\cipherstream.obj
c:\users\john\documents\visual studio 2015\projects\cryptography\cex++\win\static\release\sp20prng.obj
c:\users\john\documents\visual studio 2015\projects\cryptography\cex++\win\static\release\sp20drbg.obj
c:\users\john\documents\visual studio 2015\projects\cryptography\cex++\win\static\release\skein512.obj
c:\users\john\documents\visual studio 2015\projects\cryptography\cex++\win\static\release\skein256.obj
c:\users\john\documents\visual studio 2015\projects\cryptography\cex++\win\static\release\skein1024.obj
c:\users\john\documents\visual studio 2015\projects\cryptography\cex++\win\static\release\shx.obj
c:\users\john\documents\visual studio 2015\projects\cryptography\cex++\win\static\release\sha512.obj
c:\users\john\documents\visual studio 2015\projects\cryptography\cex++\win\static\release\sha256.obj
c:\users\john\documents\visual studio 2015\projects\cryptography\cex++\win\static\release\seedfromname.obj
c:\users\john\documents\visual studio 2015\projects\cryptography\cex++\win\static\release\securerandom.obj
c:\users\john\documents\visual studio 2015\projects\cryptography\cex++\win\static\release\salsa20.obj
c:\users\john\documents\visual studio 2015\projects\cryptography\cex++\win\static\release\rhx.obj
c:\users\john\documents\visual studio 2015\projects\cryptography\cex++\win\static\release\prngfromname.obj
c:\users\john\documents\visual studio 2015\projects\cryptography\cex++\win\static\release\zeropad.obj
c:\users\john\documents\visual studio 2015\projects\cryptography\cex++\win\static\release\xsprsg.obj
c:\users\john\documents\visual studio 2015\projects\cryptography\cex++\win\static\release\x923.obj
c:\users\john\documents\visual studio 2015\projects\cryptography\cex++\win\static\release\vmac.obj
c:\users\john\documents\visual studio 2015\projects\cryptography\cex++\win\static\release\thx.obj
c:\users\john\documents\visual studio 2015\projects\cryptography\cex++\win\static\release\threefish512.obj
c:\users\john\documents\visual studio 2015\projects\cryptography\cex++\win\release\engine.lib
c:\users\john\documents\visual studio 2015\projects\cryptography\cex++\win\static\release\engine.tlog\cl.command.1.tlog
c:\users\john\documents\visual studio 2015\projects\cryptography\cex++\win\static\release\engine.tlog\cl.read.1.tlog
c:\users\john\documents\visual studio 2015\projects\cryptography\cex++\win\static\release\engine.tlog\cl.write.1.tlog
c:\users\john\documents\visual studio 2015\projects\cryptography\cex++\win\static\release\engine.tlog\lib-link.read.1.tlog
c:\users\john\documents\visual studio 2015\projects\cryptography\cex++\win\static\release\engine.tlog\lib-link.write.1.tlog
c:\users\john\documents\visual studio 2015\projects\cryptography\cex++\win\static\release\engine.tlog\lib.command.1.tlog
