c:\users\stepp\documents\visual studio 2019\projects\c++\cex++ auxillary\cex++ auxillary\win\qsheildclient\debug\vc142.pdb
c:\users\stepp\documents\visual studio 2019\projects\c++\cex++ auxillary\cex++ auxillary\win\qsheildclient\debug\vc142.idb
c:\users\stepp\documents\visual studio 2019\projects\c++\cex++ auxillary\cex++ auxillary\win\qsheildclient\debug\qsclient.obj
c:\users\stepp\documents\visual studio 2019\projects\c++\cex++ auxillary\cex++ auxillary\win\qsheildclient\debug\qsc.obj
c:\users\stepp\documents\visual studio 2019\projects\c++\cex++ auxillary\cex++ auxillary\win\qsheildclient\debug\filetools.obj
c:\users\stepp\documents\visual studio 2019\projects\c++\cex++ auxillary\cex++ auxillary\win\qsheildclient\debug\consoletools.obj
c:\users\stepp\documents\visual studio 2019\projects\c++\cex++ auxillary\cex++ auxillary\win\debug\qsheildclient.ilk
c:\users\stepp\documents\visual studio 2019\projects\c++\cex++ auxillary\cex++ auxillary\win\debug\qsheildclient.exe
c:\users\stepp\documents\visual studio 2019\projects\c++\cex++ auxillary\cex++ auxillary\win\debug\qsheildclient.pdb
c:\users\john\documents\visual studio 2019\projects\cryptography\c++ projects\cex++ auxillary\win\qsheildclient\debug\consoletools.obj
c:\users\john\documents\visual studio 2019\projects\cryptography\c++ projects\cex++ auxillary\win\qsheildclient\debug\filetools.obj
c:\users\john\documents\visual studio 2019\projects\cryptography\c++ projects\cex++ auxillary\win\qsheildclient\debug\qsc.obj
c:\users\john\documents\visual studio 2019\projects\cryptography\c++ projects\cex++ auxillary\win\qsheildclient\debug\qsclient.obj
c:\users\john\documents\visual studio 2019\projects\cryptography\c++ projects\cex++ auxillary\win\qsheildclient\debug\vc142.idb
c:\users\john\documents\visual studio 2019\projects\cryptography\c++ projects\cex++ auxillary\win\qsheildclient\debug\vc142.pdb
c:\users\john\documents\visual studio 2019\projects\cryptography\c++ projects\cex++ auxillary\win\qsheildclient\debug\qsheildclient.tlog\cl.command.1.tlog
c:\users\john\documents\visual studio 2019\projects\cryptography\c++ projects\cex++ auxillary\win\qsheildclient\debug\qsheildclient.tlog\cl.read.1.tlog
c:\users\john\documents\visual studio 2019\projects\cryptography\c++ projects\cex++ auxillary\win\qsheildclient\debug\qsheildclient.tlog\cl.write.1.tlog
c:\users\john\documents\visual studio 2019\projects\cryptography\c++ projects\cex++ auxillary\win\qsheildclient\debug\qsheildclient.tlog\link.command.1.tlog
c:\users\john\documents\visual studio 2019\projects\cryptography\c++ projects\cex++ auxillary\win\qsheildclient\debug\qsheildclient.tlog\link.read.1.tlog
c:\users\john\documents\visual studio 2019\projects\cryptography\c++ projects\cex++ auxillary\win\qsheildclient\debug\qsheildclient.tlog\link.write.1.tlog
