c:\users\stepp\documents\visual studio 2019\projects\c++\cex++ auxillary\cex++ auxillary\win\qsheildserver\debug\vc142.pdb
c:\users\stepp\documents\visual studio 2019\projects\c++\cex++ auxillary\cex++ auxillary\win\qsheildserver\debug\vc142.idb
c:\users\stepp\documents\visual studio 2019\projects\c++\cex++ auxillary\cex++ auxillary\win\qsheildserver\debug\qss.obj
c:\users\stepp\documents\visual studio 2019\projects\c++\cex++ auxillary\cex++ auxillary\win\qsheildserver\debug\qsserver.obj
c:\users\stepp\documents\visual studio 2019\projects\c++\cex++ auxillary\cex++ auxillary\win\qsheildserver\debug\filetools.obj
c:\users\stepp\documents\visual studio 2019\projects\c++\cex++ auxillary\cex++ auxillary\win\qsheildserver\debug\consoletools.obj
c:\users\stepp\documents\visual studio 2019\projects\c++\cex++ auxillary\cex++ auxillary\win\debug\qsheildserver.ilk
c:\users\stepp\documents\visual studio 2019\projects\c++\cex++ auxillary\cex++ auxillary\win\debug\qsheildserver.exe
c:\users\stepp\documents\visual studio 2019\projects\c++\cex++ auxillary\cex++ auxillary\win\debug\qsheildserver.pdb
c:\users\john\documents\visual studio 2019\projects\cryptography\c++ projects\cex++ auxillary\win\qsheildserver\debug\consoletools.obj
c:\users\john\documents\visual studio 2019\projects\cryptography\c++ projects\cex++ auxillary\win\qsheildserver\debug\filetools.obj
c:\users\john\documents\visual studio 2019\projects\cryptography\c++ projects\cex++ auxillary\win\qsheildserver\debug\qss.obj
c:\users\john\documents\visual studio 2019\projects\cryptography\c++ projects\cex++ auxillary\win\qsheildserver\debug\qsserver.obj
c:\users\john\documents\visual studio 2019\projects\cryptography\c++ projects\cex++ auxillary\win\qsheildserver\debug\vc142.idb
c:\users\john\documents\visual studio 2019\projects\cryptography\c++ projects\cex++ auxillary\win\qsheildserver\debug\vc142.pdb
c:\users\john\documents\visual studio 2019\projects\cryptography\c++ projects\cex++ auxillary\win\qsheildserver\debug\qsheildserver.tlog\cl.command.1.tlog
c:\users\john\documents\visual studio 2019\projects\cryptography\c++ projects\cex++ auxillary\win\qsheildserver\debug\qsheildserver.tlog\cl.read.1.tlog
c:\users\john\documents\visual studio 2019\projects\cryptography\c++ projects\cex++ auxillary\win\qsheildserver\debug\qsheildserver.tlog\cl.write.1.tlog
c:\users\john\documents\visual studio 2019\projects\cryptography\c++ projects\cex++ auxillary\win\qsheildserver\debug\qsheildserver.tlog\link.command.1.tlog
c:\users\john\documents\visual studio 2019\projects\cryptography\c++ projects\cex++ auxillary\win\qsheildserver\debug\qsheildserver.tlog\link.read.1.tlog
c:\users\john\documents\visual studio 2019\projects\cryptography\c++ projects\cex++ auxillary\win\qsheildserver\debug\qsheildserver.tlog\link.write.1.tlog
