c:\users\john\documents\visual studio 2015\projects\cryptography\cex++\win\static\x64\release\cmg.obj
c:\users\john\documents\visual studio 2015\projects\cryptography\cex++\win\static\x64\release\ctr.obj
c:\users\john\documents\visual studio 2015\projects\cryptography\cex++\win\static\x64\release\csp.obj
c:\users\john\documents\visual studio 2015\projects\cryptography\cex++\win\static\x64\release\cpudetect.obj
c:\users\john\documents\visual studio 2015\projects\cryptography\cex++\win\static\x64\release\cmr.obj
c:\users\john\documents\visual studio 2015\projects\cryptography\cex++\win\static\x64\release\cmac.obj
c:\users\john\documents\visual studio 2015\projects\cryptography\cex++\win\static\x64\release\cjp.obj
c:\users\john\documents\visual studio 2015\projects\cryptography\cex++\win\static\x64\release\cipherstream.obj
c:\users\john\documents\visual studio 2015\projects\cryptography\cex++\win\static\x64\release\ciphermodefromname.obj
c:\users\john\documents\visual studio 2015\projects\cryptography\cex++\win\static\x64\release\cipherfromdescription.obj
c:\users\john\documents\visual studio 2015\projects\cryptography\cex++\win\static\x64\release\cipherdescription.obj
c:\users\john\documents\visual studio 2015\projects\cryptography\cex++\win\static\x64\release\chacha20.obj
c:\users\john\documents\visual studio 2015\projects\cryptography\cex++\win\static\x64\release\cfb.obj
c:\users\john\documents\visual studio 2015\projects\cryptography\cex++\win\static\x64\release\cbc.obj
c:\users\john\documents\visual studio 2015\projects\cryptography\cex++\win\static\x64\release\blockcipherfromname.obj
c:\users\john\documents\visual studio 2015\projects\cryptography\cex++\win\static\x64\release\blake512.obj
c:\users\john\documents\visual studio 2015\projects\cryptography\cex++\win\static\x64\release\blake256.obj
c:\users\john\documents\visual studio 2015\projects\cryptography\cex++\win\static\x64\release\bitconverter.obj
c:\users\john\documents\visual studio 2015\projects\cryptography\cex++\win\static\x64\release\arrayutils.obj
c:\users\john\documents\visual studio 2015\projects\cryptography\cex++\win\static\x64\release\ahx.obj
c:\users\john\documents\visual studio 2015\projects\cryptography\cex++\win\static\x64\release\keccak.obj
c:\users\john\documents\visual studio 2015\projects\cryptography\cex++\win\static\x64\release\kdffromname.obj
c:\users\john\documents\visual studio 2015\projects\cryptography\cex++\win\static\x64\release\kdf2.obj
c:\users\john\documents\visual studio 2015\projects\cryptography\cex++\win\static\x64\release\iso7816.obj
c:\users\john\documents\visual studio 2015\projects\cryptography\cex++\win\static\x64\release\intutils.obj
c:\users\john\documents\visual studio 2015\projects\cryptography\cex++\win\static\x64\release\icm.obj
c:\users\john\documents\visual studio 2015\projects\cryptography\cex++\win\static\x64\release\hmg.obj
c:\users\john\documents\visual studio 2015\projects\cryptography\cex++\win\static\x64\release\hmac.obj
c:\users\john\documents\visual studio 2015\projects\cryptography\cex++\win\static\x64\release\hkdf.obj
c:\users\john\documents\visual studio 2015\projects\cryptography\cex++\win\static\x64\release\gmac.obj
c:\users\john\documents\visual studio 2015\projects\cryptography\cex++\win\static\x64\release\gcm.obj
c:\users\john\documents\visual studio 2015\projects\cryptography\cex++\win\static\x64\release\filestream.obj
c:\users\john\documents\visual studio 2015\projects\cryptography\cex++\win\static\x64\release\ecp.obj
c:\users\john\documents\visual studio 2015\projects\cryptography\cex++\win\static\x64\release\ecb.obj
c:\users\john\documents\visual studio 2015\projects\cryptography\cex++\win\static\x64\release\eax.obj
c:\users\john\documents\visual studio 2015\projects\cryptography\cex++\win\static\x64\release\drbgfromname.obj
c:\users\john\documents\visual studio 2015\projects\cryptography\cex++\win\static\x64\release\digeststream.obj
c:\users\john\documents\visual studio 2015\projects\cryptography\cex++\win\static\x64\release\digestfromname.obj
c:\users\john\documents\visual studio 2015\projects\cryptography\cex++\win\static\x64\release\dcr.obj
c:\users\john\documents\visual studio 2015\projects\cryptography\cex++\win\static\x64\release\dcg.obj
c:\users\john\documents\visual studio 2015\projects\cryptography\cex++\win\static\x64\release\pbr.obj
c:\users\john\documents\visual studio 2015\projects\cryptography\cex++\win\static\x64\release\pbkdf2.obj
c:\users\john\documents\visual studio 2015\projects\cryptography\cex++\win\static\x64\release\parallelutils.obj
c:\users\john\documents\visual studio 2015\projects\cryptography\cex++\win\static\x64\release\paddingfromname.obj
c:\users\john\documents\visual studio 2015\projects\cryptography\cex++\win\static\x64\release\ofb.obj
c:\users\john\documents\visual studio 2015\projects\cryptography\cex++\win\static\x64\release\memorystream.obj
c:\users\john\documents\visual studio 2015\projects\cryptography\cex++\win\static\x64\release\macstream.obj
c:\users\john\documents\visual studio 2015\projects\cryptography\cex++\win\static\x64\release\macfromdescription.obj
c:\users\john\documents\visual studio 2015\projects\cryptography\cex++\win\static\x64\release\macdescription.obj
c:\users\john\documents\visual studio 2015\projects\cryptography\cex++\win\static\x64\release\symmetrickeygenerator.obj
c:\users\john\documents\visual studio 2015\projects\cryptography\cex++\win\static\x64\release\skein512.obj
c:\users\john\documents\visual studio 2015\projects\cryptography\cex++\win\static\x64\release\skein256.obj
c:\users\john\documents\visual studio 2015\projects\cryptography\cex++\win\static\x64\release\skein1024.obj
c:\users\john\documents\visual studio 2015\projects\cryptography\cex++\win\static\x64\release\sha512.obj
c:\users\john\documents\visual studio 2015\projects\cryptography\cex++\win\static\x64\release\sha256.obj
c:\users\john\documents\visual studio 2015\projects\cryptography\cex++\win\static\x64\release\securestream.obj
c:\users\john\documents\visual studio 2015\projects\cryptography\cex++\win\static\x64\release\paralleloptions.obj
c:\users\john\documents\visual studio 2015\projects\cryptography\cex++\win\static\x64\release\ocb.obj
c:\users\john\documents\visual studio 2015\projects\cryptography\cex++\win\static\x64\release\keccak512.obj
c:\users\john\documents\visual studio 2015\projects\cryptography\cex++\win\static\x64\release\keccak256.obj
c:\users\john\documents\visual studio 2015\projects\cryptography\cex++\win\static\x64\release\x923.obj
c:\users\john\documents\visual studio 2015\projects\cryptography\cex++\win\static\x64\release\ulong256.obj
c:\users\john\documents\visual studio 2015\projects\cryptography\cex++\win\static\x64\release\uint256.obj
c:\users\john\documents\visual studio 2015\projects\cryptography\cex++\win\static\x64\release\uint128.obj
c:\users\john\documents\visual studio 2015\projects\cryptography\cex++\win\static\x64\release\thx.obj
c:\users\john\documents\visual studio 2015\projects\cryptography\cex++\win\static\x64\release\tbc.obj
c:\users\john\documents\visual studio 2015\projects\cryptography\cex++\win\static\x64\release\sysutils.obj
c:\users\john\documents\visual studio 2015\projects\cryptography\cex++\win\static\x64\release\symmetrickey.obj
c:\users\john\documents\visual studio 2015\projects\cryptography\cex++\win\static\x64\release\streamwriter.obj
c:\users\john\documents\visual studio 2015\projects\cryptography\cex++\win\static\x64\release\streamreader.obj
c:\users\john\documents\visual studio 2015\projects\cryptography\cex++\win\static\x64\release\streamcipherfromname.obj
c:\users\john\documents\visual studio 2015\projects\cryptography\cex++\win\static\x64\release\shx.obj
c:\users\john\documents\visual studio 2015\projects\cryptography\cex++\win\static\x64\release\providerfromname.obj
c:\users\john\documents\visual studio 2015\projects\cryptography\cex++\win\static\x64\release\securerandom.obj
c:\users\john\documents\visual studio 2015\projects\cryptography\cex++\win\static\x64\release\symmetricsecurekey.obj
c:\users\john\documents\visual studio 2015\projects\cryptography\cex++\win\static\x64\release\salsa20.obj
c:\users\john\documents\visual studio 2015\projects\cryptography\cex++\win\static\x64\release\rhx.obj
c:\users\john\documents\visual studio 2015\projects\cryptography\cex++\win\static\x64\release\rdp.obj
c:\users\john\documents\visual studio 2015\projects\cryptography\cex++\win\static\x64\release\prngfromname.obj
c:\users\john\documents\visual studio 2015\projects\cryptography\cex++\win\static\x64\release\pkcs7.obj
c:\users\john\documents\visual studio 2015\projects\cryptography\cex++\win\static\x64\release\zeropad.obj
c:\users\john\documents\visual studio 2015\projects\cryptography\cex++\win\x64\release\cex.lib
c:\users\john\documents\visual studio 2015\projects\cryptography\cex++\win\static\x64\release\cex.tlog\cl.command.1.tlog
c:\users\john\documents\visual studio 2015\projects\cryptography\cex++\win\static\x64\release\cex.tlog\cl.read.1.tlog
c:\users\john\documents\visual studio 2015\projects\cryptography\cex++\win\static\x64\release\cex.tlog\cl.write.1.tlog
c:\users\john\documents\visual studio 2015\projects\cryptography\cex++\win\static\x64\release\cex.tlog\lib-link.read.1.tlog
c:\users\john\documents\visual studio 2015\projects\cryptography\cex++\win\static\x64\release\cex.tlog\lib-link.write.1.tlog
c:\users\john\documents\visual studio 2015\projects\cryptography\cex++\win\static\x64\release\cex.tlog\lib.command.1.tlog
